[WARNING] [2025-06-22 23:15:34] discord.client: PyNaCl is not installed, voice will NOT be supported
[INFO ] [2025-06-22 23:15:34] bot: ğŸ”§ Loaded cogs.fun
[INFO ] [2025-06-22 23:15:34] bot: ğŸ”§ Loaded cogs.math
[INFO ] [2025-06-22 23:15:34] bot: ğŸ”§ Loaded cogs.server
[INFO ] [2025-06-22 23:15:34] bot: ğŸ”§ Loaded cogs.undercover
[INFO ] [2025-06-22 23:15:34] bot: ğŸ”§ Loaded cogs.help
[INFO ] [2025-06-22 23:15:34] discord.client: logging in using static token
[INFO ] [2025-06-22 23:15:36] discord.gateway: Shard ID None has connected to Gateway (Session ID: 3965b6c8821697dd7646b94e5f7b7687).
[INFO ] [2025-06-22 23:15:38] bot: âœ… Logged in as Garbilabot#5888 (1290206813630889984)
[WARNING] [2025-06-22 23:15:52] discord.client: PyNaCl is not installed, voice will NOT be supported
[INFO ] [2025-06-22 23:15:52] bot: ğŸ”§ Loaded cogs.fun
[INFO ] [2025-06-22 23:15:52] bot: ğŸ”§ Loaded cogs.math
[INFO ] [2025-06-22 23:15:52] bot: ğŸ”§ Loaded cogs.server
[INFO ] [2025-06-22 23:15:52] bot: ğŸ”§ Loaded cogs.undercover
[INFO ] [2025-06-22 23:15:52] bot: ğŸ”§ Loaded cogs.help
[INFO ] [2025-06-22 23:15:52] discord.client: logging in using static token
[INFO ] [2025-06-22 23:15:53] discord.gateway: Shard ID None has connected to Gateway (Session ID: a0210d34e839b1acb09d1b8baa6c748f).
[INFO ] [2025-06-22 23:15:55] bot: âœ… Logged in as Garbilabot#5888 (1290206813630889984)
[WARNING] [2025-06-22 23:16:04] discord.client: PyNaCl is not installed, voice will NOT be supported
[INFO ] [2025-06-22 23:16:04] bot: ğŸ”§ Loaded cogs.fun
[INFO ] [2025-06-22 23:16:04] bot: ğŸ”§ Loaded cogs.math
[INFO ] [2025-06-22 23:16:04] bot: ğŸ”§ Loaded cogs.server
[INFO ] [2025-06-22 23:16:04] bot: ğŸ”§ Loaded cogs.undercover
[INFO ] [2025-06-22 23:16:04] bot: ğŸ”§ Loaded cogs.help
[INFO ] [2025-06-22 23:16:04] discord.client: logging in using static token
[INFO ] [2025-06-22 23:16:06] discord.gateway: Shard ID None has connected to Gateway (Session ID: 7c13df01a7d83b23690fe72e0055860e).
[INFO ] [2025-06-22 23:16:08] bot: âœ… Logged in as Garbilabot#5888 (1290206813630889984)
[INFO ] [2025-06-22 23:18:06] bot: ğŸ”§ Loaded cogs.fun
[INFO ] [2025-06-22 23:18:06] bot: ğŸ”§ Loaded cogs.math
[INFO ] [2025-06-22 23:18:06] bot: ğŸ”§ Loaded cogs.server
[INFO ] [2025-06-22 23:18:06] bot: ğŸ”§ Loaded cogs.undercover
[INFO ] [2025-06-22 23:18:06] bot: ğŸ”§ Loaded cogs.help
[INFO ] [2025-06-22 23:18:06] discord.client: logging in using static token
[INFO ] [2025-06-22 23:18:07] discord.gateway: Shard ID None has connected to Gateway (Session ID: a2a6e141f48aa2acd69dd4d44791cf38).
[INFO ] [2025-06-22 23:18:09] bot: âœ… Logged in as Garbilabot#5888 (1290206813630889984)
[INFO ] [2025-06-22 23:18:46] bot: ğŸ“¥ Command 'reload' invoked by zrymund (408604377134399488) in Server Serbaguna/mc-console
[INFO ] [2025-06-22 23:18:48] bot: ğŸ”§ Loaded cogs.fun
[INFO ] [2025-06-22 23:18:48] bot: ğŸ”§ Loaded cogs.math
[INFO ] [2025-06-22 23:18:48] bot: ğŸ”§ Loaded cogs.server
[INFO ] [2025-06-22 23:18:48] bot: ğŸ”§ Loaded cogs.undercover
[INFO ] [2025-06-22 23:18:48] bot: ğŸ”§ Loaded cogs.help
[INFO ] [2025-06-22 23:18:48] discord.client: logging in using static token
[INFO ] [2025-06-22 23:18:49] discord.gateway: Shard ID None has connected to Gateway (Session ID: 44fc6ba854a85028f26982671f383272).
[INFO ] [2025-06-22 23:18:51] bot: âœ… Logged in as Garbilabot#5888 (1290206813630889984)
[INFO ] [2025-06-22 23:19:04] bot: ğŸ“¥ Command 'luck' invoked by zrymund (408604377134399488) in Server Serbaguna/mc-console
[INFO ] [2025-06-22 23:19:20] bot: ğŸ“¤ Command 'luck' finished for zrymund
[INFO ] [2025-06-22 23:20:37] bot: ğŸ“¥ Command 'help' invoked by zrymund (408604377134399488) in Server Serbaguna/mc-console
[INFO ] [2025-06-22 23:20:38] bot: ğŸ“¤ Command 'help' finished for zrymund
[INFO ] [2025-06-22 23:21:16] bot: ğŸ“¥ Command 'luck' invoked by zrymund (408604377134399488) in Server Serbaguna/mc-console
[INFO ] [2025-06-22 23:21:33] bot: ğŸ“¤ Command 'luck' finished for zrymund
[INFO ] [2025-06-22 23:26:57] bot: ğŸ“¥ Command 'reload' invoked by zrymund (408604377134399488) in Server Serbaguna/mc-console
[INFO ] [2025-06-22 23:26:58] bot: ğŸ”§ Loaded cogs.fun
[INFO ] [2025-06-22 23:26:58] bot: ğŸ”§ Loaded cogs.math
[INFO ] [2025-06-22 23:26:58] bot: ğŸ”§ Loaded cogs.server
[INFO ] [2025-06-22 23:26:58] bot: ğŸ”§ Loaded cogs.undercover
[INFO ] [2025-06-22 23:26:58] bot: ğŸ”§ Loaded cogs.help
[INFO ] [2025-06-22 23:26:58] bot: ğŸ”§ Loaded cogs.control
[INFO ] [2025-06-22 23:26:58] discord.client: logging in using static token
[INFO ] [2025-06-22 23:27:00] discord.gateway: Shard ID None has connected to Gateway (Session ID: d8b9d267a5e46f26d3467d4bc713cc16).
[INFO ] [2025-06-22 23:27:02] bot: âœ… Logged in as Garbilabot#5888 (1290206813630889984)
[INFO ] [2025-06-22 23:27:09] bot: ğŸ“¥ Command 'help' invoked by zrymund (408604377134399488) in Server Serbaguna/mc-console
[INFO ] [2025-06-22 23:27:09] bot: ğŸ“¤ Command 'help' finished for zrymund
[INFO ] [2025-06-22 23:27:45] bot: ğŸ“¥ Command 'reload' invoked by zrymund (408604377134399488) in Server Serbaguna/mc-console
[ERROR] [2025-06-22 23:27:46] bot: âŒ Error in command 'reload': Command raised an exception: TypeError: is_owner() takes 0 positional arguments but 1 was given
NoneType: None
[CRITICAL] [2025-06-22 23:35:01] bot: âŒ Fatal error: 
[CRITICAL] [2025-06-22 23:35:20] bot: âŒ Fatal error: 
[INFO ] [2025-06-22 23:36:16] discord.client: logging in using static token
[CRITICAL] [2025-06-22 23:36:16] bot: âŒ Fatal error: expected token to be a str, received coroutine instead
[INFO ] [2025-06-22 23:37:13] discord.client: logging in using static token
[INFO ] [2025-06-22 23:37:15] discord.gateway: Shard ID None has connected to Gateway (Session ID: b0b38a703786929adce5942e9208e429).
[INFO ] [2025-06-22 23:37:17] bot: âœ… Logged in as Garbilabot#5888 (1290206813630889984)
[ERROR] [2025-06-22 23:37:24] bot: âŒ Error in command 'None': Command "help" is not found
NoneType: None
[ERROR] [2025-06-22 23:37:42] bot: âŒ Error in command 'None': Command "kys" is not found
NoneType: None
[INFO ] [2025-06-22 23:38:53] bot: ğŸ”§ Loaded cogs.fun
[INFO ] [2025-06-22 23:38:53] bot: ğŸ”§ Loaded cogs.math
[INFO ] [2025-06-22 23:38:53] bot: ğŸ”§ Loaded cogs.server
[INFO ] [2025-06-22 23:38:53] bot: ğŸ”§ Loaded cogs.undercover
[INFO ] [2025-06-22 23:38:53] bot: ğŸ”§ Loaded cogs.help
[INFO ] [2025-06-22 23:38:53] bot: ğŸ”§ Loaded cogs.control
[INFO ] [2025-06-22 23:38:53] discord.client: logging in using static token
[INFO ] [2025-06-22 23:38:54] discord.gateway: Shard ID None has connected to Gateway (Session ID: b1cc7e6f222c8c75c0d455a49ddfa834).
[INFO ] [2025-06-22 23:38:56] bot: âœ… Logged in as Garbilabot#5888 (1290206813630889984)
[ERROR] [2025-06-22 23:39:06] bot: âŒ Error in command 'None': Command "help" is not found
NoneType: None
[INFO ] [2025-06-22 23:39:54] bot: ğŸ”§ Loaded cogs.fun
[INFO ] [2025-06-22 23:39:54] bot: ğŸ”§ Loaded cogs.math
[INFO ] [2025-06-22 23:39:54] bot: ğŸ”§ Loaded cogs.server
[INFO ] [2025-06-22 23:39:54] bot: ğŸ”§ Loaded cogs.undercover
[INFO ] [2025-06-22 23:39:54] bot: ğŸ”§ Loaded cogs.help
[INFO ] [2025-06-22 23:39:54] bot: ğŸ”§ Loaded cogs.control
[INFO ] [2025-06-22 23:39:54] discord.client: logging in using static token
[INFO ] [2025-06-22 23:39:56] discord.gateway: Shard ID None has connected to Gateway (Session ID: 0540409380ffb7433172b03e6378c040).
[INFO ] [2025-06-22 23:39:58] bot: âœ… Logged in as Garbilabot#5888 (1290206813630889984)
[INFO ] [2025-06-22 23:40:04] bot: ğŸ“¥ Command 'help' invoked by zrymund (408604377134399488) in Server Serbaguna/mc-console
[INFO ] [2025-06-22 23:40:04] bot: ğŸ“¤ Command 'help' finished for zrymund
[INFO ] [2025-06-22 23:40:19] bot: ğŸ“¥ Command 'reload' invoked by zrymund (408604377134399488) in Server Serbaguna/mc-console
[ERROR] [2025-06-22 23:40:19] bot: âŒ Error in command 'reload': The check functions for command reload failed.
NoneType: None
[WARNING] [2025-06-22 23:42:21] bot: Shutdown requested by user (Ctrl-C).
[INFO ] [2025-06-22 23:42:21] bot: ğŸ›‘ Shutting down...
[INFO ] [2025-06-22 23:42:25] bot: ğŸ”§ Loaded cogs.fun
[INFO ] [2025-06-22 23:42:25] bot: ğŸ”§ Loaded cogs.math
[INFO ] [2025-06-22 23:42:25] bot: ğŸ”§ Loaded cogs.server
[INFO ] [2025-06-22 23:42:25] bot: ğŸ”§ Loaded cogs.undercover
[INFO ] [2025-06-22 23:42:25] bot: ğŸ”§ Loaded cogs.help
[ERROR] [2025-06-22 23:42:25] bot: âŒ Failed to load cogs.control: Extension 'cogs.control' has no 'setup' function.
Traceback (most recent call last):
  File "C:\Users\zulfa\AppData\Local\Programs\Python\Python311\Lib\site-packages\discord\ext\commands\bot.py", line 957, in _load_from_module_spec
    setup = getattr(lib, 'setup')
            ^^^^^^^^^^^^^^^^^^^^^
AttributeError: module 'cogs.control' has no attribute 'setup'

During handling of the above exception, another exception occurred:

Traceback (most recent call last):
  File "D:\Projects\turing-bot\bot.py", line 60, in main
    await bot.load_extension(cog)
  File "C:\Users\zulfa\AppData\Local\Programs\Python\Python311\Lib\site-packages\discord\ext\commands\bot.py", line 1029, in load_extension
    await self._load_from_module_spec(spec, name)
  File "C:\Users\zulfa\AppData\Local\Programs\Python\Python311\Lib\site-packages\discord\ext\commands\bot.py", line 960, in _load_from_module_spec
    raise errors.NoEntryPointError(key)
discord.ext.commands.errors.NoEntryPointError: Extension 'cogs.control' has no 'setup' function.
[INFO ] [2025-06-22 23:42:25] discord.client: logging in using static token
[INFO ] [2025-06-22 23:42:26] discord.gateway: Shard ID None has connected to Gateway (Session ID: f69a371ec62b0010ca70110d009152a1).
[INFO ] [2025-06-22 23:42:28] bot: âœ… Logged in as Garbilabot#5888 (1290206813630889984)
[WARNING] [2025-06-22 23:43:08] bot: Shutdown requested by user (Ctrl-C).
[INFO ] [2025-06-22 23:43:08] bot: ğŸ›‘ Shutting down...
[INFO ] [2025-06-22 23:43:10] bot: ğŸ”§ Loaded cogs.fun
[INFO ] [2025-06-22 23:43:10] bot: ğŸ”§ Loaded cogs.math
[INFO ] [2025-06-22 23:43:10] bot: ğŸ”§ Loaded cogs.server
[INFO ] [2025-06-22 23:43:10] bot: ğŸ”§ Loaded cogs.undercover
[INFO ] [2025-06-22 23:43:10] bot: ğŸ”§ Loaded cogs.help
[INFO ] [2025-06-22 23:43:10] bot: ğŸ”§ Loaded cogs.control
[INFO ] [2025-06-22 23:43:10] discord.client: logging in using static token
[INFO ] [2025-06-22 23:43:12] discord.gateway: Shard ID None has connected to Gateway (Session ID: f300487914b4d25ee4a707dab4d34a55).
[INFO ] [2025-06-22 23:43:14] bot: âœ… Logged in as Garbilabot#5888 (1290206813630889984)
[INFO ] [2025-06-22 23:43:22] bot: ğŸ“¥ Command 'reload' invoked by zrymund (408604377134399488) in Server Serbaguna/mc-console
[ERROR] [2025-06-22 23:43:22] bot: âŒ Error in command 'reload': Command raised an exception: TypeError: is_owner() takes 0 positional arguments but 1 was given
NoneType: None
[WARNING] [2025-06-22 23:43:45] bot: Shutdown requested by user (Ctrl-C).
[INFO ] [2025-06-22 23:43:45] bot: ğŸ›‘ Shutting down...
[INFO ] [2025-06-22 23:43:46] bot: ğŸ”§ Loaded cogs.fun
[INFO ] [2025-06-22 23:43:46] bot: ğŸ”§ Loaded cogs.math
[INFO ] [2025-06-22 23:43:46] bot: ğŸ”§ Loaded cogs.server
[INFO ] [2025-06-22 23:43:46] bot: ğŸ”§ Loaded cogs.undercover
[INFO ] [2025-06-22 23:43:46] bot: ğŸ”§ Loaded cogs.help
[INFO ] [2025-06-22 23:43:46] bot: ğŸ”§ Loaded cogs.control
[INFO ] [2025-06-22 23:43:46] discord.client: logging in using static token
[INFO ] [2025-06-22 23:43:47] discord.gateway: Shard ID None has connected to Gateway (Session ID: 1331363d2da30682f6352824b5b2eebc).
[INFO ] [2025-06-22 23:43:49] bot: âœ… Logged in as Garbilabot#5888 (1290206813630889984)
[INFO ] [2025-06-22 23:44:14] bot: ğŸ“¥ Command 'reload' invoked by zrymund (408604377134399488) in Server Serbaguna/mc-console
[ERROR] [2025-06-22 23:44:14] bot: âŒ Error in command 'reload': Command raised an exception: TypeError: object function can't be used in 'await' expression
NoneType: None
[WARNING] [2025-06-22 23:44:30] bot: Shutdown requested by user (Ctrl-C).
[INFO ] [2025-06-22 23:44:30] bot: ğŸ›‘ Shutting down...
[INFO ] [2025-06-22 23:44:32] bot: ğŸ”§ Loaded cogs.fun
[INFO ] [2025-06-22 23:44:32] bot: ğŸ”§ Loaded cogs.math
[INFO ] [2025-06-22 23:44:32] bot: ğŸ”§ Loaded cogs.server
[INFO ] [2025-06-22 23:44:32] bot: ğŸ”§ Loaded cogs.undercover
[INFO ] [2025-06-22 23:44:32] bot: ğŸ”§ Loaded cogs.help
[INFO ] [2025-06-22 23:44:32] bot: ğŸ”§ Loaded cogs.control
[INFO ] [2025-06-22 23:44:32] discord.client: logging in using static token
[INFO ] [2025-06-22 23:44:34] discord.gateway: Shard ID None has connected to Gateway (Session ID: 8dcc726ddc178f4d8d4256eccc1dcc07).
[INFO ] [2025-06-22 23:44:36] bot: âœ… Logged in as Garbilabot#5888 (1290206813630889984)
[INFO ] [2025-06-22 23:44:37] bot: ğŸ“¥ Command 'reload' invoked by zrymund (408604377134399488) in Server Serbaguna/mc-console
[WARNING] [2025-06-22 23:44:37] bot: Reload requested by owner (zrymund). Re-exec self.
[INFO ] [2025-06-22 23:44:38] bot: ğŸ”§ Loaded cogs.fun
[INFO ] [2025-06-22 23:44:38] bot: ğŸ”§ Loaded cogs.math
[INFO ] [2025-06-22 23:44:38] bot: ğŸ”§ Loaded cogs.server
[INFO ] [2025-06-22 23:44:38] bot: ğŸ”§ Loaded cogs.undercover
[INFO ] [2025-06-22 23:44:38] bot: ğŸ”§ Loaded cogs.help
[INFO ] [2025-06-22 23:44:38] bot: ğŸ”§ Loaded cogs.control
[INFO ] [2025-06-22 23:44:38] discord.client: logging in using static token
[INFO ] [2025-06-22 23:44:40] discord.gateway: Shard ID None has connected to Gateway (Session ID: e182f1baacc9592e590f71163b8e21d1).
[INFO ] [2025-06-22 23:44:42] bot: âœ… Logged in as Garbilabot#5888 (1290206813630889984)
[INFO ] [2025-06-22 23:44:57] bot: ğŸ“¥ Command 'kys' invoked by zrymund (408604377134399488) in Server Serbaguna/mc-console
[ERROR] [2025-06-22 23:44:58] discord.client: Ignoring exception in on_message
Traceback (most recent call last):
  File "C:\Users\zulfa\AppData\Local\Programs\Python\Python311\Lib\site-packages\discord\client.py", line 449, in _run_event
    await coro(*args, **kwargs)
  File "C:\Users\zulfa\AppData\Local\Programs\Python\Python311\Lib\site-packages\discord\ext\commands\bot.py", line 1411, in on_message
    await self.process_commands(message)
  File "C:\Users\zulfa\AppData\Local\Programs\Python\Python311\Lib\site-packages\discord\ext\commands\bot.py", line 1408, in process_commands
    await self.invoke(ctx)  # type: ignore
    ^^^^^^^^^^^^^^^^^^^^^^
  File "C:\Users\zulfa\AppData\Local\Programs\Python\Python311\Lib\site-packages\discord\ext\commands\bot.py", line 1372, in invoke
    self.dispatch('command_completion', ctx)
  File "C:\Users\zulfa\AppData\Local\Programs\Python\Python311\Lib\site-packages\discord\ext\commands\bot.py", line 228, in dispatch
    super().dispatch(event_name, *args, **kwargs)  # type: ignore
    ^^^^^^^^^^^^^^^^^^^^^^^^^^^^^^^^^^^^^^^^^^^^^
  File "C:\Users\zulfa\AppData\Local\Programs\Python\Python311\Lib\site-packages\discord\client.py", line 507, in dispatch
    self._schedule_event(coro, method, *args, **kwargs)
  File "C:\Users\zulfa\AppData\Local\Programs\Python\Python311\Lib\site-packages\discord\client.py", line 467, in _schedule_event
    return self.loop.create_task(wrapped, name=f'discord.py: {event_name}')
           ^^^^^^^^^^^^^^^^^^^^^
AttributeError: '_MissingSentinel' object has no attribute 'create_task'
[INFO ] [2025-06-22 23:44:58] bot: ğŸ›‘ Shutting down...
[INFO ] [2025-06-22 23:47:27] bot: ğŸ”§ Loaded cogs.fun
[INFO ] [2025-06-22 23:47:27] bot: ğŸ”§ Loaded cogs.math
[INFO ] [2025-06-22 23:47:27] bot: ğŸ”§ Loaded cogs.server
[INFO ] [2025-06-22 23:47:27] bot: ğŸ”§ Loaded cogs.undercover
[INFO ] [2025-06-22 23:47:27] bot: ğŸ”§ Loaded cogs.help
[INFO ] [2025-06-22 23:47:27] bot: ğŸ”§ Loaded cogs.control
[INFO ] [2025-06-22 23:47:27] discord.client: logging in using static token
[INFO ] [2025-06-22 23:47:28] discord.gateway: Shard ID None has connected to Gateway (Session ID: 13be2b6234775344c6158b2e47c32a6d).
[INFO ] [2025-06-22 23:47:30] bot: âœ… Logged in as Garbilabot#5888 (1290206813630889984)
[INFO ] [2025-06-22 23:47:40] bot: ğŸ“¥ Command 'undercover' invoked by zrymund (408604377134399488) in Server Serbaguna/mc-console
[INFO ] [2025-06-22 23:47:40] bot: ğŸ“¤ Command 'undercover' finished for zrymund
